This file contains any messages produced by compilers while
running configure, to aid debugging if configure makes a mistake.

It was created by helios-base configure 2023.03, which was
generated by GNU Autoconf 2.71.  Invocation command line was

  $ ./configure

## --------- ##
## Platform. ##
## --------- ##

hostname = pop-os
uname -m = x86_64
uname -r = 6.6.6-76060606-generic
uname -s = Linux
uname -v = #202312111032~1702306143~22.04~d28ffec SMP PREEMPT_DYNAMIC Mon D

/usr/bin/uname -p = x86_64
/bin/uname -X     = unknown

/bin/arch              = x86_64
/usr/bin/arch -k       = unknown
/usr/convex/getsysinfo = unknown
/usr/bin/hostinfo      = unknown
/bin/machine           = unknown
/usr/bin/oslevel       = unknown
/bin/universe          = unknown

PATH: /home/ivancalvo/.cargo/bin/
PATH: /home/ivancalvo/.local/bin/
PATH: /usr/local/sbin/
PATH: /usr/local/bin/
PATH: /usr/sbin/
PATH: /usr/bin/
PATH: /sbin/
PATH: /bin/
PATH: /usr/games/
PATH: /usr/local/games/
PATH: /snap/bin/
PATH: /usr/local/go/bin/


## ----------- ##
## Core tests. ##
## ----------- ##

configure:2651: looking for aux files: config.guess config.sub compile missing install-sh
configure:2664:  trying ./config/
configure:2693:   ./config/config.guess found
configure:2693:   ./config/config.sub found
configure:2693:   ./config/compile found
configure:2693:   ./config/missing found
configure:2675:   ./config/install-sh found
configure:2829: checking for a BSD-compatible install
configure:2902: result: /usr/bin/install -c
configure:2913: checking whether build environment is sane
configure:2968: result: yes
configure:3127: checking for a race-free mkdir -p
configure:3171: result: /usr/bin/mkdir -p
configure:3178: checking for gawk
configure:3213: result: no
configure:3178: checking for mawk
configure:3199: found /usr/bin/mawk
configure:3210: result: mawk
configure:3221: checking whether make sets $(MAKE)
configure:3244: result: yes
configure:3274: checking whether make supports nested variables
configure:3292: result: yes
configure:3507: checking for g++
configure:3528: found /usr/bin/g++
configure:3539: result: g++
configure:3566: checking for C++ compiler version
configure:3575: g++ --version >&5
g++ (Ubuntu 11.4.0-1ubuntu1~22.04) 11.4.0
Copyright (C) 2021 Free Software Foundation, Inc.
This is free software; see the source for copying conditions.  There is NO
warranty; not even for MERCHANTABILITY or FITNESS FOR A PARTICULAR PURPOSE.

configure:3586: $? = 0
configure:3575: g++ -v >&5
Using built-in specs.
COLLECT_GCC=g++
COLLECT_LTO_WRAPPER=/usr/lib/gcc/x86_64-linux-gnu/11/lto-wrapper
OFFLOAD_TARGET_NAMES=nvptx-none:amdgcn-amdhsa
OFFLOAD_TARGET_DEFAULT=1
Target: x86_64-linux-gnu
Configured with: ../src/configure -v --with-pkgversion='Ubuntu 11.4.0-1ubuntu1~22.04' --with-bugurl=file:///usr/share/doc/gcc-11/README.Bugs --enable-languages=c,ada,c++,go,brig,d,fortran,objc,obj-c++,m2 --prefix=/usr --with-gcc-major-version-only --program-suffix=-11 --program-prefix=x86_64-linux-gnu- --enable-shared --enable-linker-build-id --libexecdir=/usr/lib --without-included-gettext --enable-threads=posix --libdir=/usr/lib --enable-nls --enable-bootstrap --enable-clocale=gnu --enable-libstdcxx-debug --enable-libstdcxx-time=yes --with-default-libstdcxx-abi=new --enable-gnu-unique-object --disable-vtable-verify --enable-plugin --enable-default-pie --with-system-zlib --enable-libphobos-checking=release --with-target-system-zlib=auto --enable-objc-gc=auto --enable-multiarch --disable-werror --enable-cet --with-arch-32=i686 --with-abi=m64 --with-multilib-list=m32,m64,mx32 --enable-multilib --with-tune=generic --enable-offload-targets=nvptx-none=/build/gcc-11-XeT9lY/gcc-11-11.4.0/debian/tmp-nvptx/usr,amdgcn-amdhsa=/build/gcc-11-XeT9lY/gcc-11-11.4.0/debian/tmp-gcn/usr --without-cuda-driver --enable-checking=release --build=x86_64-linux-gnu --host=x86_64-linux-gnu --target=x86_64-linux-gnu --with-build-config=bootstrap-lto-lean --enable-link-serialization=2
Thread model: posix
Supported LTO compression algorithms: zlib zstd
gcc version 11.4.0 (Ubuntu 11.4.0-1ubuntu1~22.04) 
... rest of stderr output deleted ...
configure:3586: $? = 0
configure:3575: g++ -V >&5
g++: error: unrecognized command-line option '-V'
g++: fatal error: no input files
compilation terminated.
configure:3586: $? = 1
configure:3575: g++ -qversion >&5
g++: error: unrecognized command-line option '-qversion'; did you mean '--version'?
g++: fatal error: no input files
compilation terminated.
configure:3586: $? = 1
configure:3606: checking whether the C++ compiler works
configure:3628: g++    conftest.cpp  >&5
configure:3632: $? = 0
configure:3682: result: yes
configure:3685: checking for C++ compiler default output file name
configure:3687: result: a.out
configure:3693: checking for suffix of executables
configure:3700: g++ -o conftest    conftest.cpp  >&5
configure:3704: $? = 0
configure:3727: result: 
configure:3749: checking whether we are cross compiling
configure:3757: g++ -o conftest    conftest.cpp  >&5
configure:3761: $? = 0
configure:3768: ./conftest
configure:3772: $? = 0
configure:3787: result: no
configure:3792: checking for suffix of object files
configure:3815: g++ -c   conftest.cpp >&5
configure:3819: $? = 0
configure:3841: result: o
configure:3845: checking whether the compiler supports GNU C++
configure:3865: g++ -c   conftest.cpp >&5
configure:3865: $? = 0
configure:3875: result: yes
configure:3886: checking whether g++ accepts -g
configure:3907: g++ -c -g  conftest.cpp >&5
configure:3907: $? = 0
configure:3951: result: yes
configure:3971: checking for g++ option to enable C++11 features
configure:3986: g++  -c -g -O2  conftest.cpp >&5
conftest.cpp: In function 'int main(int, char**)':
conftest.cpp:177:25: warning: empty parentheses were disambiguated as a function declaration [-Wvexing-parse]
  177 |   cxx11test::delegate d2();
      |                         ^~
conftest.cpp:177:25: note: remove parentheses to default-initialize a variable
  177 |   cxx11test::delegate d2();
      |                         ^~
      |                         --
conftest.cpp:177:25: note: or replace parentheses with braces to value-initialize a variable
configure:3986: $? = 0
configure:4004: result: none needed
configure:4071: checking whether make supports the include directive
configure:4086: make -f confmf.GNU && cat confinc.out
this is the am__doit target
configure:4089: $? = 0
configure:4108: result: yes (GNU style)
configure:4134: checking dependency style of g++
configure:4246: result: gcc3
configure:4323: checking for gcc
configure:4344: found /usr/bin/gcc
configure:4355: result: gcc
configure:4708: checking for C compiler version
configure:4717: gcc --version >&5
gcc (Ubuntu 11.4.0-1ubuntu1~22.04) 11.4.0
Copyright (C) 2021 Free Software Foundation, Inc.
This is free software; see the source for copying conditions.  There is NO
warranty; not even for MERCHANTABILITY or FITNESS FOR A PARTICULAR PURPOSE.

configure:4728: $? = 0
configure:4717: gcc -v >&5
Using built-in specs.
COLLECT_GCC=gcc
COLLECT_LTO_WRAPPER=/usr/lib/gcc/x86_64-linux-gnu/11/lto-wrapper
OFFLOAD_TARGET_NAMES=nvptx-none:amdgcn-amdhsa
OFFLOAD_TARGET_DEFAULT=1
Target: x86_64-linux-gnu
Configured with: ../src/configure -v --with-pkgversion='Ubuntu 11.4.0-1ubuntu1~22.04' --with-bugurl=file:///usr/share/doc/gcc-11/README.Bugs --enable-languages=c,ada,c++,go,brig,d,fortran,objc,obj-c++,m2 --prefix=/usr --with-gcc-major-version-only --program-suffix=-11 --program-prefix=x86_64-linux-gnu- --enable-shared --enable-linker-build-id --libexecdir=/usr/lib --without-included-gettext --enable-threads=posix --libdir=/usr/lib --enable-nls --enable-bootstrap --enable-clocale=gnu --enable-libstdcxx-debug --enable-libstdcxx-time=yes --with-default-libstdcxx-abi=new --enable-gnu-unique-object --disable-vtable-verify --enable-plugin --enable-default-pie --with-system-zlib --enable-libphobos-checking=release --with-target-system-zlib=auto --enable-objc-gc=auto --enable-multiarch --disable-werror --enable-cet --with-arch-32=i686 --with-abi=m64 --with-multilib-list=m32,m64,mx32 --enable-multilib --with-tune=generic --enable-offload-targets=nvptx-none=/build/gcc-11-XeT9lY/gcc-11-11.4.0/debian/tmp-nvptx/usr,amdgcn-amdhsa=/build/gcc-11-XeT9lY/gcc-11-11.4.0/debian/tmp-gcn/usr --without-cuda-driver --enable-checking=release --build=x86_64-linux-gnu --host=x86_64-linux-gnu --target=x86_64-linux-gnu --with-build-config=bootstrap-lto-lean --enable-link-serialization=2
Thread model: posix
Supported LTO compression algorithms: zlib zstd
gcc version 11.4.0 (Ubuntu 11.4.0-1ubuntu1~22.04) 
... rest of stderr output deleted ...
configure:4728: $? = 0
configure:4717: gcc -V >&5
gcc: error: unrecognized command-line option '-V'
gcc: fatal error: no input files
compilation terminated.
configure:4728: $? = 1
configure:4717: gcc -qversion >&5
gcc: error: unrecognized command-line option '-qversion'; did you mean '--version'?
gcc: fatal error: no input files
compilation terminated.
configure:4728: $? = 1
configure:4717: gcc -version >&5
gcc: error: unrecognized command-line option '-version'
gcc: fatal error: no input files
compilation terminated.
configure:4728: $? = 1
configure:4732: checking whether the compiler supports GNU C
configure:4752: gcc -c   conftest.c >&5
configure:4752: $? = 0
configure:4762: result: yes
configure:4773: checking whether gcc accepts -g
configure:4794: gcc -c -g  conftest.c >&5
configure:4794: $? = 0
configure:4838: result: yes
configure:4858: checking for gcc option to enable C11 features
configure:4873: gcc  -c -g -O2  conftest.c >&5
configure:4873: $? = 0
configure:4891: result: none needed
configure:5007: checking whether gcc understands -c and -o together
configure:5030: gcc -c conftest.c -o conftest2.o
configure:5033: $? = 0
configure:5030: gcc -c conftest.c -o conftest2.o
configure:5033: $? = 0
configure:5045: result: yes
configure:5064: checking dependency style of gcc
configure:5176: result: gcc3
configure:5239: checking for ranlib
configure:5260: found /usr/bin/ranlib
configure:5271: result: ranlib
configure:5293: checking whether ln -s works
configure:5297: result: yes
configure:5329: checking whether g++ supports C++17 features with -std=c++17
configure:6130: g++ -std=c++17 -c -g -O2  conftest.cpp >&5
configure:6130: $? = 0
configure:6140: result: yes
configure:6188: checking build system type
configure:6203: result: x86_64-pc-linux-gnu
configure:6223: checking host system type
configure:6237: result: x86_64-pc-linux-gnu
configure:6410: checking for boostlib >= 1.38.0 (103800)
configure:6442: g++ -std=c++17 -c -g -O2  -I/usr/include conftest.cpp >&5
configure:6442: $? = 0
configure:6445: result: yes
configure:6639: checking whether the Boost::System library is available
configure:6665: g++ -std=c++17 -c   -I/usr/include conftest.cpp >&5
configure:6665: $? = 0
configure:6681: result: yes
configure:6696: checking for exit in -lboost_system
configure:6718: g++ -std=c++17 -o conftest -g -O2  -I/usr/include  -L/usr/lib/x86_64-linux-gnu conftest.cpp -lboost_system   >&5
configure:6718: $? = 0
configure:6729: result: yes
configure:6883: checking for cos in -lm
configure:6905: g++ -std=c++17 -o conftest -g -O2  -I/usr/include  -L/usr/lib/x86_64-linux-gnu conftest.cpp -lm  -lboost_system  >&5
configure:6905: $? = 0
configure:6915: result: yes
configure:6924: checking for deflate in -lz
configure:6946: g++ -std=c++17 -o conftest -g -O2  -I/usr/include  -L/usr/lib/x86_64-linux-gnu conftest.cpp -lz  -lm -lboost_system  >&5
configure:6946: $? = 0
configure:6956: result: yes
configure:6967: checking for main in -lrcsc
configure:6989: g++ -std=c++17 -o conftest -g -O2  -I/usr/include  -L/usr/lib/x86_64-linux-gnu conftest.cpp -lrcsc  -lz -lm -lboost_system  >&5
configure:6989: $? = 0
configure:6999: result: yes
configure:7015: checking for stdio.h
configure:7015: g++ -std=c++17 -c -g -O2  -I/usr/include conftest.cpp >&5
configure:7015: $? = 0
configure:7015: result: yes
configure:7015: checking for stdlib.h
configure:7015: g++ -std=c++17 -c -g -O2  -I/usr/include conftest.cpp >&5
configure:7015: $? = 0
configure:7015: result: yes
configure:7015: checking for string.h
configure:7015: g++ -std=c++17 -c -g -O2  -I/usr/include conftest.cpp >&5
configure:7015: $? = 0
configure:7015: result: yes
configure:7015: checking for inttypes.h
configure:7015: g++ -std=c++17 -c -g -O2  -I/usr/include conftest.cpp >&5
configure:7015: $? = 0
configure:7015: result: yes
configure:7015: checking for stdint.h
configure:7015: g++ -std=c++17 -c -g -O2  -I/usr/include conftest.cpp >&5
configure:7015: $? = 0
configure:7015: result: yes
configure:7015: checking for strings.h
configure:7015: g++ -std=c++17 -c -g -O2  -I/usr/include conftest.cpp >&5
configure:7015: $? = 0
configure:7015: result: yes
configure:7015: checking for sys/stat.h
configure:7015: g++ -std=c++17 -c -g -O2  -I/usr/include conftest.cpp >&5
configure:7015: $? = 0
configure:7015: result: yes
configure:7015: checking for sys/types.h
configure:7015: g++ -std=c++17 -c -g -O2  -I/usr/include conftest.cpp >&5
configure:7015: $? = 0
configure:7015: result: yes
configure:7015: checking for unistd.h
configure:7015: g++ -std=c++17 -c -g -O2  -I/usr/include conftest.cpp >&5
configure:7015: $? = 0
configure:7015: result: yes
configure:7015: checking for sys/time.h
configure:7015: g++ -std=c++17 -c -g -O2  -I/usr/include conftest.cpp >&5
configure:7015: $? = 0
configure:7015: result: yes
configure:7040: checking for rcsc/types.h
configure:7040: g++ -std=c++17 -c -g -O2  -I/usr/include conftest.cpp >&5
configure:7040: $? = 0
configure:7040: result: yes
configure:7050: checking for _Bool
configure:7050: g++ -std=c++17 -c -g -O2  -I/usr/include conftest.cpp >&5
conftest.cpp: In function 'int main()':
conftest.cpp:58:13: error: '_Bool' was not declared in this scope
   58 | if (sizeof (_Bool))
      |             ^~~~~
configure:7050: $? = 1
configure: failed program was:
| /* confdefs.h */
| #define PACKAGE_NAME "helios-base"
| #define PACKAGE_TARNAME "helios-base"
| #define PACKAGE_VERSION "2023.03"
| #define PACKAGE_STRING "helios-base 2023.03"
| #define PACKAGE_BUGREPORT "hidehisaakiyama@users.noreply.github.com"
| #define PACKAGE_URL ""
| #define PACKAGE "helios-base"
| #define VERSION "2023.03"
| #define HAVE_CXX17 1
| #define HAVE_BOOST /**/
| #define HAVE_BOOST_SYSTEM /**/
| #define HAVE_LIBZ 1
| #define HAVE_STDIO_H 1
| #define HAVE_STDLIB_H 1
| #define HAVE_STRING_H 1
| #define HAVE_INTTYPES_H 1
| #define HAVE_STDINT_H 1
| #define HAVE_STRINGS_H 1
| #define HAVE_SYS_STAT_H 1
| #define HAVE_SYS_TYPES_H 1
| #define HAVE_UNISTD_H 1
| #define HAVE_SYS_TIME_H 1
| #define STDC_HEADERS 1
| #define HAVE_RCSC_TYPES_H 1
| /* end confdefs.h.  */
| #include <stddef.h>
| #ifdef HAVE_STDIO_H
| # include <stdio.h>
| #endif
| #ifdef HAVE_STDLIB_H
| # include <stdlib.h>
| #endif
| #ifdef HAVE_STRING_H
| # include <string.h>
| #endif
| #ifdef HAVE_INTTYPES_H
| # include <inttypes.h>
| #endif
| #ifdef HAVE_STDINT_H
| # include <stdint.h>
| #endif
| #ifdef HAVE_STRINGS_H
| # include <strings.h>
| #endif
| #ifdef HAVE_SYS_TYPES_H
| # include <sys/types.h>
| #endif
| #ifdef HAVE_SYS_STAT_H
| # include <sys/stat.h>
| #endif
| #ifdef HAVE_UNISTD_H
| # include <unistd.h>
| #endif
| int
| main (void)
| {
| if (sizeof (_Bool))
| 	 return 0;
|   ;
|   return 0;
| }
configure:7050: result: no
configure:7059: checking for stdbool.h that conforms to C99
configure:7175: g++ -std=c++17 -c -g -O2  -I/usr/include conftest.cpp >&5
configure:7175: $? = 0
configure:7183: result: yes
configure:7192: checking for an ANSI C-conforming const
configure:7259: g++ -std=c++17 -c -g -O2  -I/usr/include conftest.cpp >&5
configure:7259: $? = 0
configure:7267: result: yes
configure:7275: checking for inline
configure:7292: g++ -std=c++17 -c -g -O2  -I/usr/include conftest.cpp >&5
configure:7292: $? = 0
configure:7301: result: inline
configure:7319: checking for size_t
configure:7319: g++ -std=c++17 -c -g -O2  -I/usr/include conftest.cpp >&5
configure:7319: $? = 0
configure:7319: g++ -std=c++17 -c -g -O2  -I/usr/include conftest.cpp >&5
conftest.cpp: In function 'int main()':
conftest.cpp:59:20: error: expected primary-expression before ')' token
   59 | if (sizeof ((size_t)))
      |                    ^
configure:7319: $? = 1
configure: failed program was:
| /* confdefs.h */
| #define PACKAGE_NAME "helios-base"
| #define PACKAGE_TARNAME "helios-base"
| #define PACKAGE_VERSION "2023.03"
| #define PACKAGE_STRING "helios-base 2023.03"
| #define PACKAGE_BUGREPORT "hidehisaakiyama@users.noreply.github.com"
| #define PACKAGE_URL ""
| #define PACKAGE "helios-base"
| #define VERSION "2023.03"
| #define HAVE_CXX17 1
| #define HAVE_BOOST /**/
| #define HAVE_BOOST_SYSTEM /**/
| #define HAVE_LIBZ 1
| #define HAVE_STDIO_H 1
| #define HAVE_STDLIB_H 1
| #define HAVE_STRING_H 1
| #define HAVE_INTTYPES_H 1
| #define HAVE_STDINT_H 1
| #define HAVE_STRINGS_H 1
| #define HAVE_SYS_STAT_H 1
| #define HAVE_SYS_TYPES_H 1
| #define HAVE_UNISTD_H 1
| #define HAVE_SYS_TIME_H 1
| #define STDC_HEADERS 1
| #define HAVE_RCSC_TYPES_H 1
| #define HAVE_STDBOOL_H 1
| /* end confdefs.h.  */
| #include <stddef.h>
| #ifdef HAVE_STDIO_H
| # include <stdio.h>
| #endif
| #ifdef HAVE_STDLIB_H
| # include <stdlib.h>
| #endif
| #ifdef HAVE_STRING_H
| # include <string.h>
| #endif
| #ifdef HAVE_INTTYPES_H
| # include <inttypes.h>
| #endif
| #ifdef HAVE_STDINT_H
| # include <stdint.h>
| #endif
| #ifdef HAVE_STRINGS_H
| # include <strings.h>
| #endif
| #ifdef HAVE_SYS_TYPES_H
| # include <sys/types.h>
| #endif
| #ifdef HAVE_SYS_STAT_H
| # include <sys/stat.h>
| #endif
| #ifdef HAVE_UNISTD_H
| # include <unistd.h>
| #endif
| int
| main (void)
| {
| if (sizeof ((size_t)))
| 	    return 0;
|   ;
|   return 0;
| }
configure:7319: result: yes
configure:7357: checking for grep that handles long lines and -e
configure:7421: result: /usr/bin/grep
configure:7429: checking for egrep
configure:7497: result: /usr/bin/grep -E
configure:7503: checking for floor
configure:7503: g++ -std=c++17 -o conftest -g -O2  -I/usr/include  -L/usr/lib/x86_64-linux-gnu conftest.cpp -lrcsc -lz -lm -lboost_system  >&5
conftest.cpp:45:6: warning: declaration of 'char floor()' conflicts with built-in declaration 'double floor(double)' [-Wbuiltin-declaration-mismatch]
   45 | char floor ();
      |      ^~~~~
configure:7503: $? = 0
configure:7503: result: yes
configure:7509: checking for pow
configure:7509: g++ -std=c++17 -o conftest -g -O2  -I/usr/include  -L/usr/lib/x86_64-linux-gnu conftest.cpp -lrcsc -lz -lm -lboost_system  >&5
conftest.cpp:46:6: warning: declaration of 'char pow()' conflicts with built-in declaration 'double pow(double, double)' [-Wbuiltin-declaration-mismatch]
   46 | char pow ();
      |      ^~~
configure:7509: $? = 0
configure:7509: result: yes
configure:7515: checking for sqrt
configure:7515: g++ -std=c++17 -o conftest -g -O2  -I/usr/include  -L/usr/lib/x86_64-linux-gnu conftest.cpp -lrcsc -lz -lm -lboost_system  >&5
conftest.cpp:47:6: warning: declaration of 'char sqrt()' conflicts with built-in declaration 'double sqrt(double)' [-Wbuiltin-declaration-mismatch]
   47 | char sqrt ();
      |      ^~~~
configure:7515: $? = 0
configure:7515: result: yes
configure:7521: checking for strerror
configure:7521: g++ -std=c++17 -o conftest -g -O2  -I/usr/include  -L/usr/lib/x86_64-linux-gnu conftest.cpp -lrcsc -lz -lm -lboost_system  >&5
configure:7521: $? = 0
configure:7521: result: yes
configure:7632: checking that generated files are newer than configure
configure:7638: result: done
configure:7665: creating ./config.status

## ---------------------- ##
## Running config.status. ##
## ---------------------- ##

This file was extended by helios-base config.status 2023.03, which was
generated by GNU Autoconf 2.71.  Invocation command line was

  CONFIG_FILES    = 
  CONFIG_HEADERS  = 
  CONFIG_LINKS    = 
  CONFIG_COMMANDS = 
  $ ./config.status 

on pop-os

config.status:888: creating Makefile
config.status:888: creating src/Makefile
config.status:888: creating src/player/Makefile
config.status:888: creating src/coach/Makefile
config.status:888: creating src/trainer/Makefile
config.status:888: creating src/start.sh
config.status:888: creating src/keepaway.sh
config.status:888: creating src/train.sh
config.status:888: creating config.h
config.status:1117: executing depfiles commands
config.status:1194: cd src/player       && sed -e '/# am--include-marker/d' Makefile         | make -f - am--depfiles
config.status:1199: $? = 0
config.status:1194: cd src/coach       && sed -e '/# am--include-marker/d' Makefile         | make -f - am--depfiles
config.status:1199: $? = 0
config.status:1194: cd src/trainer       && sed -e '/# am--include-marker/d' Makefile         | make -f - am--depfiles
config.status:1199: $? = 0

## ---------------- ##
## Cache variables. ##
## ---------------- ##

ac_cv_build=x86_64-pc-linux-gnu
ac_cv_c_compiler_gnu=yes
ac_cv_c_const=yes
ac_cv_c_inline=inline
ac_cv_cxx_compiler_gnu=yes
ac_cv_env_CCC_set=
ac_cv_env_CCC_value=
ac_cv_env_CC_set=
ac_cv_env_CC_value=
ac_cv_env_CFLAGS_set=
ac_cv_env_CFLAGS_value=
ac_cv_env_CPPFLAGS_set=
ac_cv_env_CPPFLAGS_value=
ac_cv_env_CXXFLAGS_set=
ac_cv_env_CXXFLAGS_value=
ac_cv_env_CXX_set=
ac_cv_env_CXX_value=
ac_cv_env_LDFLAGS_set=
ac_cv_env_LDFLAGS_value=
ac_cv_env_LIBS_set=
ac_cv_env_LIBS_value=
ac_cv_env_build_alias_set=
ac_cv_env_build_alias_value=
ac_cv_env_host_alias_set=
ac_cv_env_host_alias_value=
ac_cv_env_target_alias_set=
ac_cv_env_target_alias_value=
ac_cv_func_floor=yes
ac_cv_func_pow=yes
ac_cv_func_sqrt=yes
ac_cv_func_strerror=yes
ac_cv_header_inttypes_h=yes
ac_cv_header_rcsc_types_h=yes
ac_cv_header_stdbool_h=yes
ac_cv_header_stdint_h=yes
ac_cv_header_stdio_h=yes
ac_cv_header_stdlib_h=yes
ac_cv_header_string_h=yes
ac_cv_header_strings_h=yes
ac_cv_header_sys_stat_h=yes
ac_cv_header_sys_time_h=yes
ac_cv_header_sys_types_h=yes
ac_cv_header_unistd_h=yes
ac_cv_host=x86_64-pc-linux-gnu
ac_cv_lib_boost_system_exit=yes
ac_cv_lib_m_cos=yes
ac_cv_lib_rcsc_main=yes
ac_cv_lib_z_deflate=yes
ac_cv_objext=o
ac_cv_path_EGREP='/usr/bin/grep -E'
ac_cv_path_GREP=/usr/bin/grep
ac_cv_path_install='/usr/bin/install -c'
ac_cv_path_mkdir=/usr/bin/mkdir
ac_cv_prog_AWK=mawk
ac_cv_prog_ac_ct_CC=gcc
ac_cv_prog_ac_ct_CXX=g++
ac_cv_prog_ac_ct_RANLIB=ranlib
ac_cv_prog_cc_c11=
ac_cv_prog_cc_g=yes
ac_cv_prog_cc_stdc=
ac_cv_prog_cxx_11=no
ac_cv_prog_cxx_cxx11=
ac_cv_prog_cxx_g=yes
ac_cv_prog_cxx_stdcxx=
ac_cv_prog_make_make_set=yes
ac_cv_type__Bool=no
ac_cv_type_size_t=yes
am_cv_CC_dependencies_compiler_type=gcc3
am_cv_CXX_dependencies_compiler_type=gcc3
am_cv_make_support_nested_variables=yes
am_cv_prog_cc_c_o=yes
ax_cv_boost_system=yes
ax_cv_cxx_compile_cxx17__std_cpp17=yes

## ----------------- ##
## Output variables. ##
## ----------------- ##

ACLOCAL='${SHELL} '\''/media/ivancalvo/Linux/UFSCar/RED/2D/helios/helios-base/config/missing'\'' aclocal-1.16'
AMDEPBACKSLASH='\'
AMDEP_FALSE='#'
AMDEP_TRUE=''
AMTAR='$${TAR-tar}'
AM_BACKSLASH='\'
AM_DEFAULT_V='$(AM_DEFAULT_VERBOSITY)'
AM_DEFAULT_VERBOSITY='1'
AM_V='$(V)'
AUTOCONF='${SHELL} '\''/media/ivancalvo/Linux/UFSCar/RED/2D/helios/helios-base/config/missing'\'' autoconf'
AUTOHEADER='${SHELL} '\''/media/ivancalvo/Linux/UFSCar/RED/2D/helios/helios-base/config/missing'\'' autoheader'
AUTOMAKE='${SHELL} '\''/media/ivancalvo/Linux/UFSCar/RED/2D/helios/helios-base/config/missing'\'' automake-1.16'
AWK='mawk'
BOOST_CPPFLAGS='-I/usr/include'
BOOST_LDFLAGS='-L/usr/lib/x86_64-linux-gnu'
BOOST_SYSTEM_LIB='-lboost_system'
CC='gcc'
CCDEPMODE='depmode=gcc3'
CFLAGS='-g -O2'
CPPFLAGS=' -I/usr/include'
CSCOPE='cscope'
CTAGS='ctags'
CXX='g++ -std=c++17'
CXXDEPMODE='depmode=gcc3'
CXXFLAGS='-g -O2'
CYGPATH_W='echo'
DEFS='-DHAVE_CONFIG_H'
DEPDIR='.deps'
ECHO_C=''
ECHO_N='-n'
ECHO_T=''
EGREP='/usr/bin/grep -E'
ETAGS='etags'
EXEEXT=''
GREP='/usr/bin/grep'
HAVE_CXX17='1'
INSTALL_DATA='${INSTALL} -m 644'
INSTALL_PROGRAM='${INSTALL}'
INSTALL_SCRIPT='${INSTALL}'
INSTALL_STRIP_PROGRAM='$(install_sh) -c -s'
LDFLAGS=' -L/usr/lib/x86_64-linux-gnu'
LIBOBJS=''
LIBRCSC_LIBDIR='/usr/local/lib'
LIBS='-lrcsc -lz -lm -lboost_system '
LN_S='ln -s'
LTLIBOBJS=''
MAKEINFO='${SHELL} '\''/media/ivancalvo/Linux/UFSCar/RED/2D/helios/helios-base/config/missing'\'' makeinfo'
MKDIR_P='/usr/bin/mkdir -p'
OBJEXT='o'
PACKAGE='helios-base'
PACKAGE_BUGREPORT='hidehisaakiyama@users.noreply.github.com'
PACKAGE_NAME='helios-base'
PACKAGE_STRING='helios-base 2023.03'
PACKAGE_TARNAME='helios-base'
PACKAGE_URL=''
PACKAGE_VERSION='2023.03'
PATH_SEPARATOR=':'
RANLIB='ranlib'
SET_MAKE=''
SHELL='/bin/bash'
STRIP=''
VERSION='2023.03'
ac_ct_CC='gcc'
ac_ct_CXX='g++'
am__EXEEXT_FALSE=''
am__EXEEXT_TRUE='#'
am__fastdepCC_FALSE='#'
am__fastdepCC_TRUE=''
am__fastdepCXX_FALSE='#'
am__fastdepCXX_TRUE=''
am__include='include'
am__isrc=''
am__leading_dot='.'
am__nodep='_no'
am__quote=''
am__tar='$${TAR-tar} chof - "$$tardir"'
am__untar='$${TAR-tar} xf -'
bindir='${exec_prefix}/bin'
build='x86_64-pc-linux-gnu'
build_alias=''
build_cpu='x86_64'
build_os='linux-gnu'
build_vendor='pc'
datadir='${datarootdir}'
datarootdir='${prefix}/share'
docdir='${datarootdir}/doc/${PACKAGE_TARNAME}'
dvidir='${docdir}'
exec_prefix='${prefix}'
host='x86_64-pc-linux-gnu'
host_alias=''
host_cpu='x86_64'
host_os='linux-gnu'
host_vendor='pc'
htmldir='${docdir}'
includedir='${prefix}/include'
infodir='${datarootdir}/info'
install_sh='${SHELL} /media/ivancalvo/Linux/UFSCar/RED/2D/helios/helios-base/config/install-sh'
libdir='${exec_prefix}/lib'
libexecdir='${exec_prefix}/libexec'
localedir='${datarootdir}/locale'
localstatedir='${prefix}/var'
mandir='${datarootdir}/man'
mkdir_p='$(MKDIR_P)'
oldincludedir='/usr/include'
pdfdir='${docdir}'
prefix='/usr/local'
program_transform_name='s,x,x,'
psdir='${docdir}'
runstatedir='${localstatedir}/run'
sbindir='${exec_prefix}/sbin'
sharedstatedir='${prefix}/com'
sysconfdir='${prefix}/etc'
target_alias=''

## ----------- ##
## confdefs.h. ##
## ----------- ##

/* confdefs.h */
#define PACKAGE_NAME "helios-base"
#define PACKAGE_TARNAME "helios-base"
#define PACKAGE_VERSION "2023.03"
#define PACKAGE_STRING "helios-base 2023.03"
#define PACKAGE_BUGREPORT "hidehisaakiyama@users.noreply.github.com"
#define PACKAGE_URL ""
#define PACKAGE "helios-base"
#define VERSION "2023.03"
#define HAVE_CXX17 1
#define HAVE_BOOST /**/
#define HAVE_BOOST_SYSTEM /**/
#define HAVE_LIBZ 1
#define HAVE_STDIO_H 1
#define HAVE_STDLIB_H 1
#define HAVE_STRING_H 1
#define HAVE_INTTYPES_H 1
#define HAVE_STDINT_H 1
#define HAVE_STRINGS_H 1
#define HAVE_SYS_STAT_H 1
#define HAVE_SYS_TYPES_H 1
#define HAVE_UNISTD_H 1
#define HAVE_SYS_TIME_H 1
#define STDC_HEADERS 1
#define HAVE_RCSC_TYPES_H 1
#define HAVE_STDBOOL_H 1
#define TIME_WITH_SYS_TIME 1
#define HAVE_FLOOR 1
#define HAVE_POW 1
#define HAVE_SQRT 1
#define HAVE_STRERROR 1

configure: exit 0
